<?xml version="1.0" encoding="UTF-8"?>
<!-- Generated by org.testng.reporters.JUnitReportReporter -->
<testsuite hostname="cca-ug04-0951.cs.bham.ac.uk" name="exercise4.search.Tester" tests="2" failures="0" timestamp="3 Mar 2014 23:31:29 GMT" time="48.716" errors="0">
  <testcase name="dfsTestEight" time="48.612" classname="exercise4.search.Tester"/>
  <testcase name="bfsTestEight" time="0.104" classname="exercise4.search.Tester"/>
</testsuite> <!-- exercise4.search.Tester -->
